level=info ts=2020-06-16T06:38:45.549Z caller=main.go:333 msg="Starting Prometheus" version="(version=2.17.1, branch=HEAD, revision=ae041f97cfc6f43494bed65ec4ea4e3a0cf2ac69)"
level=info ts=2020-06-16T06:38:45.549Z caller=main.go:334 build_context="(go=go1.13.9, user=root@806b02dfe114, date=20200326-16:18:19)"
level=info ts=2020-06-16T06:38:45.549Z caller=main.go:335 host_details="(Linux 3.10.0-1062.18.1.el7.x86_64 #1 SMP Tue Mar 17 23:49:17 UTC 2020 x86_64 izuf63qubkh4obmynfl2iiz (none))"
level=info ts=2020-06-16T06:38:45.549Z caller=main.go:336 fd_limits="(soft=65535, hard=65535)"
level=info ts=2020-06-16T06:38:45.549Z caller=main.go:337 vm_limits="(soft=unlimited, hard=unlimited)"
level=info ts=2020-06-16T06:38:45.562Z caller=main.go:667 msg="Starting TSDB ..."
level=info ts=2020-06-16T06:38:45.562Z caller=repair.go:59 component=tsdb msg="found healthy block" mint=1589449621708 maxt=1590386400000 ulid=01E95QTHAYM39M0XAFEJHTAAG8
level=info ts=2020-06-16T06:38:45.563Z caller=repair.go:59 component=tsdb msg="found healthy block" mint=1590386400000 maxt=1592136000000 ulid=01EASNGPW7W9NBBBDCQK63S25X
level=info ts=2020-06-16T06:38:45.563Z caller=repair.go:59 component=tsdb msg="found healthy block" mint=1592136000000 maxt=1592200800000 ulid=01EAVK9YNW1KA2JGKTQH5NV3F6
level=info ts=2020-06-16T06:38:45.563Z caller=repair.go:59 component=tsdb msg="found healthy block" mint=1592265600000 maxt=1592272800000 ulid=01EAXH3DZR5ARR5NJ4Y22CTWA5
level=info ts=2020-06-16T06:38:45.563Z caller=repair.go:59 component=tsdb msg="found healthy block" mint=1592200800000 maxt=1592265600000 ulid=01EAXH3GB2TXP1F4RP05ZZWSEJ
level=info ts=2020-06-16T06:38:45.563Z caller=repair.go:59 component=tsdb msg="found healthy block" mint=1592272800000 maxt=1592280000000 ulid=01EAXQZ57R3X60BWDAQSH7FT6S
level=info ts=2020-06-16T06:38:45.576Z caller=head.go:575 component=tsdb msg="replaying WAL, this may take awhile"
level=info ts=2020-06-16T06:38:45.614Z caller=web.go:514 component=web msg="Start listening for connections" address=0.0.0.0:9090
level=info ts=2020-06-16T06:38:45.624Z caller=head.go:600 component=tsdb msg="WAL checkpoint loaded"
level=info ts=2020-06-16T06:38:46.151Z caller=head.go:624 component=tsdb msg="WAL segment loaded" segment=581 maxSegment=591
level=info ts=2020-06-16T06:38:46.677Z caller=head.go:624 component=tsdb msg="WAL segment loaded" segment=582 maxSegment=591
level=info ts=2020-06-16T06:38:47.310Z caller=head.go:624 component=tsdb msg="WAL segment loaded" segment=583 maxSegment=591
level=info ts=2020-06-16T06:38:48.147Z caller=head.go:624 component=tsdb msg="WAL segment loaded" segment=584 maxSegment=591
level=info ts=2020-06-16T06:38:48.583Z caller=head.go:624 component=tsdb msg="WAL segment loaded" segment=585 maxSegment=591
level=info ts=2020-06-16T06:38:48.664Z caller=head.go:624 component=tsdb msg="WAL segment loaded" segment=586 maxSegment=591
level=info ts=2020-06-16T06:38:48.665Z caller=head.go:624 component=tsdb msg="WAL segment loaded" segment=587 maxSegment=591
level=info ts=2020-06-16T06:38:49.255Z caller=head.go:624 component=tsdb msg="WAL segment loaded" segment=588 maxSegment=591
level=info ts=2020-06-16T06:38:49.262Z caller=head.go:624 component=tsdb msg="WAL segment loaded" segment=589 maxSegment=591
level=info ts=2020-06-16T06:38:49.263Z caller=head.go:624 component=tsdb msg="WAL segment loaded" segment=590 maxSegment=591
level=info ts=2020-06-16T06:38:49.263Z caller=head.go:624 component=tsdb msg="WAL segment loaded" segment=591 maxSegment=591
level=info ts=2020-06-16T06:38:49.263Z caller=head.go:627 component=tsdb msg="WAL replay completed" duration=3.687087939s
level=info ts=2020-06-16T06:38:49.275Z caller=main.go:683 fs_type=EXT4_SUPER_MAGIC
level=info ts=2020-06-16T06:38:49.275Z caller=main.go:684 msg="TSDB started"
level=info ts=2020-06-16T06:38:49.275Z caller=main.go:788 msg="Loading configuration file" filename=/home/Prometheus/prometheus/prometheus.yml
level=info ts=2020-06-16T06:38:49.279Z caller=main.go:816 msg="Completed loading of configuration file" filename=/home/Prometheus/prometheus/prometheus.yml
level=info ts=2020-06-16T06:38:49.279Z caller=main.go:635 msg="Server is ready to receive web requests."
level=info ts=2020-06-16T06:39:12.624Z caller=main.go:788 msg="Loading configuration file" filename=/home/Prometheus/prometheus/prometheus.yml
level=info ts=2020-06-16T06:39:12.626Z caller=main.go:816 msg="Completed loading of configuration file" filename=/home/Prometheus/prometheus/prometheus.yml
level=info ts=2020-06-16T06:40:05.556Z caller=main.go:788 msg="Loading configuration file" filename=/home/Prometheus/prometheus/prometheus.yml
level=info ts=2020-06-16T06:40:05.559Z caller=main.go:816 msg="Completed loading of configuration file" filename=/home/Prometheus/prometheus/prometheus.yml
level=info ts=2020-06-16T06:40:20.185Z caller=main.go:788 msg="Loading configuration file" filename=/home/Prometheus/prometheus/prometheus.yml
level=info ts=2020-06-16T06:40:20.187Z caller=main.go:816 msg="Completed loading of configuration file" filename=/home/Prometheus/prometheus/prometheus.yml
level=info ts=2020-06-16T06:58:24.027Z caller=main.go:788 msg="Loading configuration file" filename=/home/Prometheus/prometheus/prometheus.yml
level=info ts=2020-06-16T06:58:24.030Z caller=main.go:816 msg="Completed loading of configuration file" filename=/home/Prometheus/prometheus/prometheus.yml
level=info ts=2020-06-16T07:00:00.474Z caller=compact.go:495 component=tsdb msg="write block" mint=1592280000000 maxt=1592287200000 ulid=01EAXYTWFR6J2CSF4FPPTNFTFH duration=354.074111ms
level=info ts=2020-06-16T07:00:00.710Z caller=head.go:662 component=tsdb msg="head GC completed" duration=25.670747ms
level=info ts=2020-06-16T07:00:02.680Z caller=head.go:732 component=tsdb msg="WAL checkpoint complete" first=581 last=584 duration=1.969970575s
level=info ts=2020-06-16T07:02:45.251Z caller=main.go:788 msg="Loading configuration file" filename=/home/Prometheus/prometheus/prometheus.yml
level=info ts=2020-06-16T07:02:45.253Z caller=main.go:816 msg="Completed loading of configuration file" filename=/home/Prometheus/prometheus/prometheus.yml
level=info ts=2020-06-16T07:03:43.723Z caller=main.go:788 msg="Loading configuration file" filename=/home/Prometheus/prometheus/prometheus.yml
level=info ts=2020-06-16T07:03:43.724Z caller=main.go:816 msg="Completed loading of configuration file" filename=/home/Prometheus/prometheus/prometheus.yml
level=info ts=2020-06-16T07:04:08.314Z caller=main.go:788 msg="Loading configuration file" filename=/home/Prometheus/prometheus/prometheus.yml
level=info ts=2020-06-16T07:04:08.316Z caller=main.go:816 msg="Completed loading of configuration file" filename=/home/Prometheus/prometheus/prometheus.yml
level=info ts=2020-06-16T07:04:25.208Z caller=main.go:788 msg="Loading configuration file" filename=/home/Prometheus/prometheus/prometheus.yml
level=info ts=2020-06-16T07:04:25.210Z caller=main.go:816 msg="Completed loading of configuration file" filename=/home/Prometheus/prometheus/prometheus.yml
level=info ts=2020-06-16T07:04:50.597Z caller=main.go:788 msg="Loading configuration file" filename=/home/Prometheus/prometheus/prometheus.yml
level=info ts=2020-06-16T07:04:50.599Z caller=main.go:816 msg="Completed loading of configuration file" filename=/home/Prometheus/prometheus/prometheus.yml
level=info ts=2020-06-16T07:05:07.612Z caller=main.go:788 msg="Loading configuration file" filename=/home/Prometheus/prometheus/prometheus.yml
level=info ts=2020-06-16T07:05:07.614Z caller=main.go:816 msg="Completed loading of configuration file" filename=/home/Prometheus/prometheus/prometheus.yml
level=info ts=2020-06-16T07:06:50.125Z caller=main.go:788 msg="Loading configuration file" filename=/home/Prometheus/prometheus/prometheus.yml
level=info ts=2020-06-16T07:06:50.127Z caller=main.go:816 msg="Completed loading of configuration file" filename=/home/Prometheus/prometheus/prometheus.yml
level=info ts=2020-06-16T07:07:34.306Z caller=main.go:788 msg="Loading configuration file" filename=/home/Prometheus/prometheus/prometheus.yml
level=info ts=2020-06-16T07:07:34.308Z caller=main.go:816 msg="Completed loading of configuration file" filename=/home/Prometheus/prometheus/prometheus.yml
level=info ts=2020-06-16T07:08:08.029Z caller=main.go:788 msg="Loading configuration file" filename=/home/Prometheus/prometheus/prometheus.yml
level=info ts=2020-06-16T07:08:08.030Z caller=main.go:816 msg="Completed loading of configuration file" filename=/home/Prometheus/prometheus/prometheus.yml
level=info ts=2020-06-16T07:08:33.592Z caller=main.go:788 msg="Loading configuration file" filename=/home/Prometheus/prometheus/prometheus.yml
level=info ts=2020-06-16T07:08:33.594Z caller=main.go:816 msg="Completed loading of configuration file" filename=/home/Prometheus/prometheus/prometheus.yml
level=info ts=2020-06-16T09:00:00.475Z caller=compact.go:495 component=tsdb msg="write block" mint=1592287200000 maxt=1592294400000 ulid=01EAY5PKQR7YQXRPHMWF1W2FQT duration=355.117381ms
level=info ts=2020-06-16T09:00:00.667Z caller=head.go:662 component=tsdb msg="head GC completed" duration=9.885693ms
level=info ts=2020-06-16T09:00:00.960Z caller=head.go:732 component=tsdb msg="WAL checkpoint complete" first=585 last=587 duration=291.730741ms
level=info ts=2020-06-16T09:00:01.926Z caller=compact.go:441 component=tsdb msg="compact blocks" count=3 mint=1592265600000 maxt=1592287200000 ulid=01EAY5PMMTE0YZFY4NMNVFXZRQ sources="[01EAXH3DZR5ARR5NJ4Y22CTWA5 01EAXQZ57R3X60BWDAQSH7FT6S 01EAXYTWFR6J2CSF4FPPTNFTFH]" duration=875.813896ms
level=info ts=2020-06-16T11:00:00.464Z caller=compact.go:495 component=tsdb msg="write block" mint=1592294400000 maxt=1592301600000 ulid=01EAYCJAZRZWC9ANCGNJMP8036 duration=344.095286ms
level=info ts=2020-06-16T11:00:00.639Z caller=head.go:662 component=tsdb msg="head GC completed" duration=8.425914ms
level=info ts=2020-06-16T11:00:00.956Z caller=head.go:732 component=tsdb msg="WAL checkpoint complete" first=588 last=589 duration=316.278616ms
level=info ts=2020-06-16T13:00:00.420Z caller=compact.go:495 component=tsdb msg="write block" mint=1592301600000 maxt=1592308800000 ulid=01EAYKE27RW0FTKATYYDZZYQT0 duration=299.334492ms
level=info ts=2020-06-16T13:00:00.568Z caller=head.go:662 component=tsdb msg="head GC completed" duration=8.250647ms
level=info ts=2020-06-16T13:00:00.769Z caller=head.go:732 component=tsdb msg="WAL checkpoint complete" first=590 last=591 duration=200.559277ms
level=info ts=2020-06-16T15:00:00.435Z caller=compact.go:495 component=tsdb msg="write block" mint=1592308800000 maxt=1592316000000 ulid=01EAYT9SFR6A06XE2BFX9B3GAP duration=314.287164ms
level=info ts=2020-06-16T15:00:00.617Z caller=head.go:662 component=tsdb msg="head GC completed" duration=6.146929ms
level=info ts=2020-06-16T15:00:01.601Z caller=compact.go:441 component=tsdb msg="compact blocks" count=3 mint=1592287200000 maxt=1592308800000 ulid=01EAYT9T1R3DCNY6ZQMKMCAZDQ sources="[01EAY5PKQR7YQXRPHMWF1W2FQT 01EAYCJAZRZWC9ANCGNJMP8036 01EAYKE27RW0FTKATYYDZZYQT0]" duration=905.286109ms
level=info ts=2020-06-16T17:00:00.466Z caller=compact.go:495 component=tsdb msg="write block" mint=1592316000000 maxt=1592323200000 ulid=01EAZ15GQRC8Y61RGTSJANPQX7 duration=345.429206ms
level=info ts=2020-06-16T17:00:00.580Z caller=head.go:662 component=tsdb msg="head GC completed" duration=7.037091ms
level=info ts=2020-06-16T17:00:01.796Z caller=head.go:732 component=tsdb msg="WAL checkpoint complete" first=592 last=593 duration=1.21588577s
level=info ts=2020-06-16T19:00:00.538Z caller=compact.go:495 component=tsdb msg="write block" mint=1592323200000 maxt=1592330400000 ulid=01EAZ817ZRV250A440F1CHJ9K4 duration=418.119715ms
level=info ts=2020-06-16T19:00:00.675Z caller=head.go:662 component=tsdb msg="head GC completed" duration=14.379931ms
level=info ts=2020-06-16T21:00:00.425Z caller=compact.go:495 component=tsdb msg="write block" mint=1592330400000 maxt=1592337600000 ulid=01EAZEWZ7RXYF1BR61ABDZRAZD duration=304.464347ms
level=info ts=2020-06-16T21:00:00.573Z caller=head.go:662 component=tsdb msg="head GC completed" duration=14.999867ms
level=info ts=2020-06-16T21:00:01.581Z caller=head.go:732 component=tsdb msg="WAL checkpoint complete" first=594 last=595 duration=1.007683423s
level=info ts=2020-06-16T21:00:02.197Z caller=compact.go:441 component=tsdb msg="compact blocks" count=3 mint=1592308800000 maxt=1592330400000 ulid=01EAZEX0PYMK8RNN54453NF8BT sources="[01EAYT9SFR6A06XE2BFX9B3GAP 01EAZ15GQRC8Y61RGTSJANPQX7 01EAZ817ZRV250A440F1CHJ9K4]" duration=567.325765ms
level=info ts=2020-06-16T21:00:03.912Z caller=compact.go:441 component=tsdb msg="compact blocks" count=3 mint=1592265600000 maxt=1592330400000 ulid=01EAZEX1GFQ5STR1A5E77A0ACD sources="[01EAY5PMMTE0YZFY4NMNVFXZRQ 01EAYT9T1R3DCNY6ZQMKMCAZDQ 01EAZEX0PYMK8RNN54453NF8BT]" duration=1.464939463s
level=info ts=2020-06-16T21:00:07.060Z caller=compact.go:441 component=tsdb msg="compact blocks" count=3 mint=1592136000000 maxt=1592330400000 ulid=01EAZEX391M9MBJKVPWC147YG3 sources="[01EAVK9YNW1KA2JGKTQH5NV3F6 01EAXH3GB2TXP1F4RP05ZZWSEJ 01EAZEX1GFQ5STR1A5E77A0ACD]" duration=2.802685052s
level=info ts=2020-06-16T23:00:00.465Z caller=compact.go:495 component=tsdb msg="write block" mint=1592337600000 maxt=1592344800000 ulid=01EAZNRPFRFWF9S5T00JKGHY08 duration=344.86155ms
level=info ts=2020-06-16T23:00:00.582Z caller=head.go:662 component=tsdb msg="head GC completed" duration=6.563836ms
level=info ts=2020-06-17T01:00:00.627Z caller=compact.go:495 component=tsdb msg="write block" mint=1592344800000 maxt=1592352000000 ulid=01EAZWMDQR02P04QC77WD9W6R1 duration=506.696932ms
level=info ts=2020-06-17T01:00:00.964Z caller=head.go:662 component=tsdb msg="head GC completed" duration=6.127381ms
level=info ts=2020-06-17T01:00:02.536Z caller=head.go:732 component=tsdb msg="WAL checkpoint complete" first=596 last=597 duration=1.571931806s
level=info ts=2020-06-17T01:19:21.146Z caller=main.go:788 msg="Loading configuration file" filename=/home/Prometheus/prometheus/prometheus.yml
level=info ts=2020-06-17T01:19:21.148Z caller=main.go:816 msg="Completed loading of configuration file" filename=/home/Prometheus/prometheus/prometheus.yml
level=info ts=2020-06-17T01:20:03.050Z caller=main.go:788 msg="Loading configuration file" filename=/home/Prometheus/prometheus/prometheus.yml
level=info ts=2020-06-17T01:20:03.052Z caller=main.go:816 msg="Completed loading of configuration file" filename=/home/Prometheus/prometheus/prometheus.yml
level=info ts=2020-06-17T01:20:43.024Z caller=main.go:788 msg="Loading configuration file" filename=/home/Prometheus/prometheus/prometheus.yml
level=info ts=2020-06-17T01:20:43.026Z caller=main.go:816 msg="Completed loading of configuration file" filename=/home/Prometheus/prometheus/prometheus.yml
level=info ts=2020-06-17T01:21:19.371Z caller=main.go:788 msg="Loading configuration file" filename=/home/Prometheus/prometheus/prometheus.yml
level=info ts=2020-06-17T01:21:19.373Z caller=main.go:816 msg="Completed loading of configuration file" filename=/home/Prometheus/prometheus/prometheus.yml
level=info ts=2020-06-17T01:29:41.720Z caller=main.go:788 msg="Loading configuration file" filename=/home/Prometheus/prometheus/prometheus.yml
level=info ts=2020-06-17T01:29:41.726Z caller=main.go:816 msg="Completed loading of configuration file" filename=/home/Prometheus/prometheus/prometheus.yml
level=info ts=2020-06-17T01:30:05.226Z caller=main.go:788 msg="Loading configuration file" filename=/home/Prometheus/prometheus/prometheus.yml
level=info ts=2020-06-17T01:30:05.230Z caller=main.go:816 msg="Completed loading of configuration file" filename=/home/Prometheus/prometheus/prometheus.yml
level=info ts=2020-06-17T01:35:41.808Z caller=main.go:788 msg="Loading configuration file" filename=/home/Prometheus/prometheus/prometheus.yml
level=info ts=2020-06-17T01:35:41.811Z caller=main.go:816 msg="Completed loading of configuration file" filename=/home/Prometheus/prometheus/prometheus.yml
level=info ts=2020-06-17T01:43:56.743Z caller=main.go:788 msg="Loading configuration file" filename=/home/Prometheus/prometheus/prometheus.yml
level=info ts=2020-06-17T01:43:56.745Z caller=main.go:816 msg="Completed loading of configuration file" filename=/home/Prometheus/prometheus/prometheus.yml
level=info ts=2020-06-17T01:52:18.308Z caller=main.go:788 msg="Loading configuration file" filename=/home/Prometheus/prometheus/prometheus.yml
level=error ts=2020-06-17T01:52:18.310Z caller=manager.go:904 component="rule manager" msg="loading groups failed" err="/home/Prometheus/prometheus/prometheus_rules.yml: group \"Use More Than 0.98 (3)\", rule 0, \"Used more than 0.98\": annotation \"description\": template: __alert_Used more than 0.98:1: unexpected \"}\" in operand"
level=error ts=2020-06-17T01:52:18.311Z caller=main.go:807 msg="Failed to apply configuration" err="error loading rules, previous rule set restored"
level=error ts=2020-06-17T01:52:18.311Z caller=main.go:596 msg="Error reloading config" err="one or more errors occurred while applying the new configuration (--config.file=\"/home/Prometheus/prometheus/prometheus.yml\")"
level=info ts=2020-06-17T01:54:03.468Z caller=main.go:788 msg="Loading configuration file" filename=/home/Prometheus/prometheus/prometheus.yml
level=info ts=2020-06-17T01:54:03.471Z caller=main.go:816 msg="Completed loading of configuration file" filename=/home/Prometheus/prometheus/prometheus.yml
level=info ts=2020-06-17T01:55:29.133Z caller=main.go:788 msg="Loading configuration file" filename=/home/Prometheus/prometheus/prometheus.yml
level=error ts=2020-06-17T01:55:29.134Z caller=manager.go:904 component="rule manager" msg="loading groups failed" err="/home/Prometheus/prometheus/prometheus_rules.yml: yaml: line 5: did not find expected ',' or ']'"
level=error ts=2020-06-17T01:55:29.134Z caller=main.go:807 msg="Failed to apply configuration" err="error loading rules, previous rule set restored"
level=error ts=2020-06-17T01:55:29.134Z caller=main.go:596 msg="Error reloading config" err="one or more errors occurred while applying the new configuration (--config.file=\"/home/Prometheus/prometheus/prometheus.yml\")"
level=info ts=2020-06-17T01:56:29.226Z caller=main.go:788 msg="Loading configuration file" filename=/home/Prometheus/prometheus/prometheus.yml
level=info ts=2020-06-17T01:56:29.228Z caller=main.go:816 msg="Completed loading of configuration file" filename=/home/Prometheus/prometheus/prometheus.yml
level=info ts=2020-06-17T01:56:43.430Z caller=main.go:788 msg="Loading configuration file" filename=/home/Prometheus/prometheus/prometheus.yml
level=info ts=2020-06-17T01:56:43.432Z caller=main.go:816 msg="Completed loading of configuration file" filename=/home/Prometheus/prometheus/prometheus.yml
level=info ts=2020-06-17T01:56:43.723Z caller=main.go:788 msg="Loading configuration file" filename=/home/Prometheus/prometheus/prometheus.yml
level=info ts=2020-06-17T01:56:43.726Z caller=main.go:816 msg="Completed loading of configuration file" filename=/home/Prometheus/prometheus/prometheus.yml
level=info ts=2020-06-17T01:56:44.283Z caller=main.go:788 msg="Loading configuration file" filename=/home/Prometheus/prometheus/prometheus.yml
level=info ts=2020-06-17T01:56:44.286Z caller=main.go:816 msg="Completed loading of configuration file" filename=/home/Prometheus/prometheus/prometheus.yml
level=info ts=2020-06-17T01:58:04.108Z caller=main.go:788 msg="Loading configuration file" filename=/home/Prometheus/prometheus/prometheus.yml
level=error ts=2020-06-17T01:58:04.110Z caller=manager.go:904 component="rule manager" msg="loading groups failed" err="/home/Prometheus/prometheus/prometheus_rules.yml: group \"Use More Than 0.98 (3)\", rule 0, \"Used more than 0.98\": annotation \"description\": template: __alert_Used more than 0.98:1: unexpected \"}\" in operand"
level=error ts=2020-06-17T01:58:04.110Z caller=main.go:807 msg="Failed to apply configuration" err="error loading rules, previous rule set restored"
level=error ts=2020-06-17T01:58:04.110Z caller=main.go:596 msg="Error reloading config" err="one or more errors occurred while applying the new configuration (--config.file=\"/home/Prometheus/prometheus/prometheus.yml\")"
level=info ts=2020-06-17T02:01:26.596Z caller=main.go:788 msg="Loading configuration file" filename=/home/Prometheus/prometheus/prometheus.yml
level=info ts=2020-06-17T02:01:26.599Z caller=main.go:816 msg="Completed loading of configuration file" filename=/home/Prometheus/prometheus/prometheus.yml
level=info ts=2020-06-17T02:02:35.512Z caller=main.go:788 msg="Loading configuration file" filename=/home/Prometheus/prometheus/prometheus.yml
level=info ts=2020-06-17T02:02:35.514Z caller=main.go:816 msg="Completed loading of configuration file" filename=/home/Prometheus/prometheus/prometheus.yml
level=info ts=2020-06-17T02:03:30.178Z caller=main.go:788 msg="Loading configuration file" filename=/home/Prometheus/prometheus/prometheus.yml
level=info ts=2020-06-17T02:03:30.180Z caller=main.go:816 msg="Completed loading of configuration file" filename=/home/Prometheus/prometheus/prometheus.yml
level=info ts=2020-06-17T02:04:55.255Z caller=main.go:788 msg="Loading configuration file" filename=/home/Prometheus/prometheus/prometheus.yml
level=info ts=2020-06-17T02:04:55.257Z caller=main.go:816 msg="Completed loading of configuration file" filename=/home/Prometheus/prometheus/prometheus.yml
level=info ts=2020-06-17T02:05:37.400Z caller=main.go:788 msg="Loading configuration file" filename=/home/Prometheus/prometheus/prometheus.yml
level=info ts=2020-06-17T02:05:37.402Z caller=main.go:816 msg="Completed loading of configuration file" filename=/home/Prometheus/prometheus/prometheus.yml
level=info ts=2020-06-17T02:07:18.459Z caller=main.go:788 msg="Loading configuration file" filename=/home/Prometheus/prometheus/prometheus.yml
level=info ts=2020-06-17T02:07:18.462Z caller=main.go:816 msg="Completed loading of configuration file" filename=/home/Prometheus/prometheus/prometheus.yml
level=info ts=2020-06-17T02:16:43.944Z caller=main.go:788 msg="Loading configuration file" filename=/home/Prometheus/prometheus/prometheus.yml
level=info ts=2020-06-17T02:16:43.946Z caller=main.go:816 msg="Completed loading of configuration file" filename=/home/Prometheus/prometheus/prometheus.yml
level=info ts=2020-06-17T02:17:15.594Z caller=main.go:788 msg="Loading configuration file" filename=/home/Prometheus/prometheus/prometheus.yml
level=info ts=2020-06-17T02:17:15.597Z caller=main.go:816 msg="Completed loading of configuration file" filename=/home/Prometheus/prometheus/prometheus.yml
level=info ts=2020-06-17T02:20:17.888Z caller=main.go:788 msg="Loading configuration file" filename=/home/Prometheus/prometheus/prometheus.yml
level=info ts=2020-06-17T02:20:17.890Z caller=main.go:816 msg="Completed loading of configuration file" filename=/home/Prometheus/prometheus/prometheus.yml
level=info ts=2020-06-17T02:24:36.309Z caller=main.go:788 msg="Loading configuration file" filename=/home/Prometheus/prometheus/prometheus.yml
level=info ts=2020-06-17T02:24:36.312Z caller=main.go:816 msg="Completed loading of configuration file" filename=/home/Prometheus/prometheus/prometheus.yml
level=info ts=2020-06-17T02:24:59.070Z caller=main.go:788 msg="Loading configuration file" filename=/home/Prometheus/prometheus/prometheus.yml
level=info ts=2020-06-17T02:24:59.072Z caller=main.go:816 msg="Completed loading of configuration file" filename=/home/Prometheus/prometheus/prometheus.yml
level=info ts=2020-06-17T02:26:34.871Z caller=main.go:788 msg="Loading configuration file" filename=/home/Prometheus/prometheus/prometheus.yml
level=info ts=2020-06-17T02:26:34.873Z caller=main.go:816 msg="Completed loading of configuration file" filename=/home/Prometheus/prometheus/prometheus.yml
level=info ts=2020-06-17T02:27:04.458Z caller=main.go:788 msg="Loading configuration file" filename=/home/Prometheus/prometheus/prometheus.yml
level=info ts=2020-06-17T02:27:04.460Z caller=main.go:816 msg="Completed loading of configuration file" filename=/home/Prometheus/prometheus/prometheus.yml
level=info ts=2020-06-17T02:27:15.405Z caller=main.go:788 msg="Loading configuration file" filename=/home/Prometheus/prometheus/prometheus.yml
level=info ts=2020-06-17T02:27:15.407Z caller=main.go:816 msg="Completed loading of configuration file" filename=/home/Prometheus/prometheus/prometheus.yml
level=info ts=2020-06-17T02:28:09.158Z caller=main.go:788 msg="Loading configuration file" filename=/home/Prometheus/prometheus/prometheus.yml
level=info ts=2020-06-17T02:28:09.160Z caller=main.go:816 msg="Completed loading of configuration file" filename=/home/Prometheus/prometheus/prometheus.yml
level=info ts=2020-06-17T02:28:17.755Z caller=main.go:788 msg="Loading configuration file" filename=/home/Prometheus/prometheus/prometheus.yml
level=info ts=2020-06-17T02:28:17.757Z caller=main.go:816 msg="Completed loading of configuration file" filename=/home/Prometheus/prometheus/prometheus.yml
level=info ts=2020-06-17T02:28:33.863Z caller=main.go:788 msg="Loading configuration file" filename=/home/Prometheus/prometheus/prometheus.yml
level=info ts=2020-06-17T02:28:33.865Z caller=main.go:816 msg="Completed loading of configuration file" filename=/home/Prometheus/prometheus/prometheus.yml
level=info ts=2020-06-17T02:29:08.917Z caller=main.go:788 msg="Loading configuration file" filename=/home/Prometheus/prometheus/prometheus.yml
level=info ts=2020-06-17T02:29:08.919Z caller=main.go:816 msg="Completed loading of configuration file" filename=/home/Prometheus/prometheus/prometheus.yml
level=info ts=2020-06-17T02:29:40.093Z caller=main.go:788 msg="Loading configuration file" filename=/home/Prometheus/prometheus/prometheus.yml
level=info ts=2020-06-17T02:29:40.096Z caller=main.go:816 msg="Completed loading of configuration file" filename=/home/Prometheus/prometheus/prometheus.yml
level=info ts=2020-06-17T02:33:35.183Z caller=main.go:788 msg="Loading configuration file" filename=/home/Prometheus/prometheus/prometheus.yml
level=info ts=2020-06-17T02:33:35.186Z caller=main.go:816 msg="Completed loading of configuration file" filename=/home/Prometheus/prometheus/prometheus.yml
level=info ts=2020-06-17T02:33:59.720Z caller=main.go:788 msg="Loading configuration file" filename=/home/Prometheus/prometheus/prometheus.yml
level=info ts=2020-06-17T02:33:59.723Z caller=main.go:816 msg="Completed loading of configuration file" filename=/home/Prometheus/prometheus/prometheus.yml
level=info ts=2020-06-17T02:35:31.973Z caller=main.go:788 msg="Loading configuration file" filename=/home/Prometheus/prometheus/prometheus.yml
level=info ts=2020-06-17T02:35:31.976Z caller=main.go:816 msg="Completed loading of configuration file" filename=/home/Prometheus/prometheus/prometheus.yml
level=info ts=2020-06-17T03:00:00.548Z caller=compact.go:495 component=tsdb msg="write block" mint=1592352000000 maxt=1592359200000 ulid=01EB03G4ZRHG42FDF5TBAVGSRY duration=428.004119ms
level=info ts=2020-06-17T03:00:00.718Z caller=head.go:662 component=tsdb msg="head GC completed" duration=7.52455ms
level=info ts=2020-06-17T03:00:01.842Z caller=compact.go:441 component=tsdb msg="compact blocks" count=3 mint=1592330400000 maxt=1592352000000 ulid=01EB03G5MXW2JTKY985XXJRZAJ sources="[01EAZEWZ7RXYF1BR61ABDZRAZD 01EAZNRPFRFWF9S5T00JKGHY08 01EAZWMDQR02P04QC77WD9W6R1]" duration=1.045399747s
level=info ts=2020-06-17T05:00:00.436Z caller=compact.go:495 component=tsdb msg="write block" mint=1592359200000 maxt=1592366400000 ulid=01EB0ABW7T5YY14A6JKD5KW7HP duration=313.297177ms
level=info ts=2020-06-17T05:00:00.639Z caller=head.go:662 component=tsdb msg="head GC completed" duration=29.483745ms
level=info ts=2020-06-17T05:00:02.044Z caller=head.go:732 component=tsdb msg="WAL checkpoint complete" first=598 last=599 duration=1.404795873s
